slurmstepd: error: Could not run slurm task_prolog [/data/slurm/bin/taskprolog]: Permission denied
/usr/local/SageMath/local/lib/python2.7/site-packages/scipy/sparse/linalg/dsolve/linsolve.py:243: SparseEfficiencyWarning: splu requires CSC matrix format
  warn('splu requires CSC matrix format', SparseEfficiencyWarning)
/usr/local/SageMath/local/lib/python2.7/site-packages/scipy/sparse/linalg/dsolve/linsolve.py:161: SparseEfficiencyWarning: spsolve is more efficient when sparse b is in the CSC matrix format
  'is in the CSC matrix format', SparseEfficiencyWarning)
[<81x1 sparse matrix of type '<type 'numpy.int64'>'
	with 1 stored elements in Compressed Sparse Row format>, <81x2 sparse matrix of type '<type 'numpy.int64'>'
	with 4 stored elements in COOrdinate format>, <81x1 sparse matrix of type '<type 'numpy.int64'>'
	with 1 stored elements in Compressed Sparse Row format>, <81x2 sparse matrix of type '<type 'numpy.int64'>'
	with 4 stored elements in COOrdinate format>, <81x5 sparse matrix of type '<type 'numpy.int64'>'
	with 32 stored elements in COOrdinate format>, <81x5 sparse matrix of type '<type 'numpy.int64'>'
	with 34 stored elements in COOrdinate format>, <81x1 sparse matrix of type '<type 'numpy.int64'>'
	with 1 stored elements in Compressed Sparse Row format>, <81x5 sparse matrix of type '<type 'numpy.int64'>'
	with 32 stored elements in COOrdinate format>, <81x8 sparse matrix of type '<type 'numpy.int64'>'
	with 93 stored elements in COOrdinate format>, <81x2 sparse matrix of type '<type 'numpy.int64'>'
	with 4 stored elements in COOrdinate format>, <81x5 sparse matrix of type '<type 'numpy.int64'>'
	with 34 stored elements in COOrdinate format>, <81x1 sparse matrix of type '<type 'numpy.int64'>'
	with 1 stored elements in Compressed Sparse Row format>, <81x2 sparse matrix of type '<type 'numpy.int64'>'
	with 4 stored elements in COOrdinate format>, <81x5 sparse matrix of type '<type 'numpy.int64'>'
	with 32 stored elements in COOrdinate format>, <81x5 sparse matrix of type '<type 'numpy.int64'>'
	with 34 stored elements in COOrdinate format>, None, None, None, None]
[]
[]
