slurmstepd: error: Could not run slurm task_prolog [/data/slurm/bin/taskprolog]: Permission denied
/usr/local/SageMath/local/lib/python2.7/site-packages/scipy/sparse/linalg/dsolve/linsolve.py:243: SparseEfficiencyWarning: splu requires CSC matrix format
  warn('splu requires CSC matrix format', SparseEfficiencyWarning)
/usr/local/SageMath/local/lib/python2.7/site-packages/scipy/sparse/linalg/dsolve/linsolve.py:161: SparseEfficiencyWarning: spsolve is more efficient when sparse b is in the CSC matrix format
  'is in the CSC matrix format', SparseEfficiencyWarning)
[None, None, <81x1 sparse matrix of type '<type 'numpy.int64'>'
	with 1 stored elements in Compressed Sparse Row format>, <81x2 sparse matrix of type '<type 'numpy.int64'>'
	with 4 stored elements in COOrdinate format>, <81x5 sparse matrix of type '<type 'numpy.int64'>'
	with 32 stored elements in COOrdinate format>, <81x5 sparse matrix of type '<type 'numpy.int64'>'
	with 34 stored elements in COOrdinate format>, None, <81x5 sparse matrix of type '<type 'numpy.int64'>'
	with 32 stored elements in COOrdinate format>, <81x8 sparse matrix of type '<type 'numpy.int64'>'
	with 93 stored elements in COOrdinate format>, <81x2 sparse matrix of type '<type 'numpy.int64'>'
	with 4 stored elements in COOrdinate format>, <81x5 sparse matrix of type '<type 'numpy.int64'>'
	with 34 stored elements in COOrdinate format>, <81x1 sparse matrix of type '<type 'numpy.int64'>'
	with 1 stored elements in Compressed Sparse Row format>, <81x2 sparse matrix of type '<type 'numpy.int64'>'
	with 4 stored elements in COOrdinate format>, <81x5 sparse matrix of type '<type 'numpy.int64'>'
	with 32 stored elements in COOrdinate format>, <81x5 sparse matrix of type '<type 'numpy.int64'>'
	with 34 stored elements in COOrdinate format>, <81x2 sparse matrix of type '<type 'numpy.int64'>'
	with 4 stored elements in COOrdinate format>, <81x1 sparse matrix of type '<type 'numpy.int64'>'
	with 1 stored elements in Compressed Sparse Row format>, <81x2 sparse matrix of type '<type 'numpy.int64'>'
	with 4 stored elements in COOrdinate format>, <81x1 sparse matrix of type '<type 'numpy.int64'>'
	with 1 stored elements in Compressed Sparse Row format>]
[3, 7]
[(1, 2), (3, 5)]
aa and bb are
2
6
Multivariate Polynomial Ring in x_00, x_01, x_02, x_03, x_04, x_05, x_10, x_11, x_12, x_13, x_14, x_15 over Rational Field
The G are
[[[   1 x_00], [0 1]], [[   1    0    0 x_10 x_11]
[   0    1    0 x_12 x_13]
[   0    0    1 x_14 x_15], [   1    0 x_10    0 x_11]
[   0    1 x_12    0 x_13]
[   0    0    0    1 x_14], [   1    0 x_10 x_11    0]
[   0    1 x_12 x_13    0]
[   0    0    0    0    1], [   1 x_10    0    0 x_11]
[   0    0    1    0 x_12]
[   0    0    0    1 x_13], [   1 x_10    0 x_11    0]
[   0    0    1 x_12    0]
[   0    0    0    0    1], [   1 x_10 x_11    0    0]
[   0    0    0    1    0]
[   0    0    0    0    1], [   0    1    0    0 x_10]
[   0    0    1    0 x_11]
[   0    0    0    1 x_12], [   0    1    0 x_10    0]
[   0    0    1 x_11    0]
[   0    0    0    0    1], [   0    1 x_10    0    0]
[   0    0    0    1    0]
[   0    0    0    0    1], [0 0 1 0 0]
[0 0 0 1 0]
[0 0 0 0 1]]]
The products are
([   1 x_00], [   1    0    0 x_10 x_11]
[   0    1    0 x_12 x_13]
[   0    0    1 x_14 x_15])
(81, 2)
[   1 x_00]
(81, 5)
[   1    0    0 x_10 x_11]
[   0    1    0 x_12 x_13]
[   0    0    1 x_14 x_15]
(64, 49)
(288, 392)
([   1 x_00], [   1    0 x_10    0 x_11]
[   0    1 x_12    0 x_13]
[   0    0    0    1 x_14])
(81, 2)
[   1 x_00]
(81, 5)
[   1    0 x_10    0 x_11]
[   0    1 x_12    0 x_13]
[   0    0    0    1 x_14]
(64, 49)
(288, 392)
([   1 x_00], [   1    0 x_10 x_11    0]
[   0    1 x_12 x_13    0]
[   0    0    0    0    1])
(81, 2)
[   1 x_00]
(81, 5)
[   1    0 x_10 x_11    0]
[   0    1 x_12 x_13    0]
[   0    0    0    0    1]
(64, 49)
(288, 392)
([   1 x_00], [   1 x_10    0    0 x_11]
[   0    0    1    0 x_12]
[   0    0    0    1 x_13])
(81, 2)
[   1 x_00]
(81, 5)
[   1 x_10    0    0 x_11]
[   0    0    1    0 x_12]
[   0    0    0    1 x_13]
(64, 49)
(288, 392)
([   1 x_00], [   1 x_10    0 x_11    0]
[   0    0    1 x_12    0]
[   0    0    0    0    1])
(81, 2)
[   1 x_00]
(81, 5)
[   1 x_10    0 x_11    0]
[   0    0    1 x_12    0]
[   0    0    0    0    1]
(64, 49)
(288, 392)
([   1 x_00], [   1 x_10 x_11    0    0]
[   0    0    0    1    0]
[   0    0    0    0    1])
(81, 2)
[   1 x_00]
(81, 5)
[   1 x_10 x_11    0    0]
[   0    0    0    1    0]
[   0    0    0    0    1]
(64, 49)
(288, 392)
([   1 x_00], [   0    1    0    0 x_10]
[   0    0    1    0 x_11]
[   0    0    0    1 x_12])
(81, 2)
[   1 x_00]
(81, 5)
[   0    1    0    0 x_10]
[   0    0    1    0 x_11]
[   0    0    0    1 x_12]
(64, 49)
(288, 392)
([   1 x_00], [   0    1    0 x_10    0]
[   0    0    1 x_11    0]
[   0    0    0    0    1])
(81, 2)
[   1 x_00]
(81, 5)
[   0    1    0 x_10    0]
[   0    0    1 x_11    0]
[   0    0    0    0    1]
(64, 49)
(288, 392)
([   1 x_00], [   0    1 x_10    0    0]
[   0    0    0    1    0]
[   0    0    0    0    1])
(81, 2)
[   1 x_00]
(81, 5)
[   0    1 x_10    0    0]
[   0    0    0    1    0]
[   0    0    0    0    1]
(64, 49)
(288, 392)
([   1 x_00], [0 0 1 0 0]
[0 0 0 1 0]
[0 0 0 0 1])
(81, 2)
[   1 x_00]
(81, 5)
[0 0 1 0 0]
[0 0 0 1 0]
[0 0 0 0 1]
(64, 49)
(288, 392)
([0 1], [   1    0    0 x_10 x_11]
[   0    1    0 x_12 x_13]
[   0    0    1 x_14 x_15])
(81, 2)
[0 1]
(81, 5)
[   1    0    0 x_10 x_11]
[   0    1    0 x_12 x_13]
[   0    0    1 x_14 x_15]
(64, 49)
(288, 392)
([0 1], [   1    0 x_10    0 x_11]
[   0    1 x_12    0 x_13]
[   0    0    0    1 x_14])
(81, 2)
[0 1]
(81, 5)
[   1    0 x_10    0 x_11]
[   0    1 x_12    0 x_13]
[   0    0    0    1 x_14]
(64, 49)
(288, 392)
([0 1], [   1    0 x_10 x_11    0]
[   0    1 x_12 x_13    0]
[   0    0    0    0    1])
(81, 2)
[0 1]
(81, 5)
[   1    0 x_10 x_11    0]
[   0    1 x_12 x_13    0]
[   0    0    0    0    1]
(64, 49)
(288, 392)
([0 1], [   1 x_10    0    0 x_11]
[   0    0    1    0 x_12]
[   0    0    0    1 x_13])
(81, 2)
[0 1]
(81, 5)
[   1 x_10    0    0 x_11]
[   0    0    1    0 x_12]
[   0    0    0    1 x_13]
(64, 49)
(288, 392)
([0 1], [   1 x_10    0 x_11    0]
[   0    0    1 x_12    0]
[   0    0    0    0    1])
(81, 2)
[0 1]
(81, 5)
[   1 x_10    0 x_11    0]
[   0    0    1 x_12    0]
[   0    0    0    0    1]
(64, 49)
(288, 392)
([0 1], [   1 x_10 x_11    0    0]
[   0    0    0    1    0]
[   0    0    0    0    1])
(81, 2)
[0 1]
(81, 5)
[   1 x_10 x_11    0    0]
[   0    0    0    1    0]
[   0    0    0    0    1]
(64, 49)
(288, 392)
([0 1], [   0    1    0    0 x_10]
[   0    0    1    0 x_11]
[   0    0    0    1 x_12])
(81, 2)
[0 1]
(81, 5)
[   0    1    0    0 x_10]
[   0    0    1    0 x_11]
[   0    0    0    1 x_12]
(64, 49)
(288, 392)
([0 1], [   0    1    0 x_10    0]
[   0    0    1 x_11    0]
[   0    0    0    0    1])
(81, 2)
[0 1]
(81, 5)
[   0    1    0 x_10    0]
[   0    0    1 x_11    0]
[   0    0    0    0    1]
(64, 49)
(288, 392)
([0 1], [   0    1 x_10    0    0]
[   0    0    0    1    0]
[   0    0    0    0    1])
(81, 2)
[0 1]
(81, 5)
[   0    1 x_10    0    0]
[   0    0    0    1    0]
[   0    0    0    0    1]
(64, 49)
(288, 392)
([0 1], [0 0 1 0 0]
[0 0 0 1 0]
[0 0 0 0 1])
(81, 2)
[0 1]
(81, 5)
[0 0 1 0 0]
[0 0 0 1 0]
[0 0 0 0 1]
(64, 49)
(288, 392)
